# JRE version: OpenJDK Runtime Environment (11.0.18+10) (build 11.0.18+10-post-Ubuntu-0ubuntu120.04.1)
# Java VM: OpenJDK 64-Bit Server VM (11.0.18+10-post-Ubuntu-0ubuntu120.04.1, mixed mode, sharing, tiered, compressed oops, g1 gc, linux-amd64)
Heap:
 garbage-first heap   total 136192K, used 28111K [0x00000000c0000000, 0x0000000100000000)
  region size 1024K, 26 young (26624K), 1 survivors (1024K)
 Metaspace       used 2258K, capacity 4907K, committed 5120K, reserved 1056768K
  class space    used 198K, capacity 458K, committed 512K, reserved 1048576K
GC Heap History (12 events):
Event: 0.358 GC heap before
{Heap before GC invocations=0 (full 0):
 garbage-first heap   total 260096K, used 2764K [0x00000000c0000000, 0x0000000100000000)
  region size 1024K, 4 young (4096K), 0 survivors (0K)
 Metaspace       used 1319K, capacity 4689K, committed 4864K, reserved 1056768K
  class space    used 122K, capacity 433K, committed 512K, reserved 1048576K
}
Event: 0.391 GC heap after
{Heap after GC invocations=1 (full 1):
 garbage-first heap   total 14336K, used 1742K [0x00000000c0000000, 0x0000000100000000)
  region size 1024K, 0 young (0K), 0 survivors (0K)
 Metaspace       used 1319K, capacity 4689K, committed 4864K, reserved 1056768K
  class space    used 122K, capacity 433K, committed 512K, reserved 1048576K
}
Event: 0.645 GC heap before
{Heap before GC invocations=1 (full 1):
 garbage-first heap   total 14336K, used 5838K [0x00000000c0000000, 0x0000000100000000)
  region size 1024K, 4 young (4096K), 0 survivors (0K)
 Metaspace       used 2014K, capacity 4814K, committed 5120K, reserved 1056768K
  class space    used 181K, capacity 450K, committed 512K, reserved 1048576K
}
Event: 0.649 GC heap after
{Heap after GC invocations=2 (full 1):
 garbage-first heap   total 14336K, used 2415K [0x00000000c0000000, 0x0000000100000000)
  region size 1024K, 1 young (1024K), 1 survivors (1024K)
 Metaspace       used 2014K, capacity 4814K, committed 5120K, reserved 1056768K
  class space    used 181K, capacity 450K, committed 512K, reserved 1048576K
}
Event: 0.675 GC heap before
{Heap before GC invocations=2 (full 1):
 garbage-first heap   total 14336K, used 5487K [0x00000000c0000000, 0x0000000100000000)
  region size 1024K, 4 young (4096K), 1 survivors (1024K)
 Metaspace       used 2046K, capacity 4817K, committed 5120K, reserved 1056768K
  class space    used 181K, capacity 450K, committed 512K, reserved 1048576K
}
Event: 0.679 GC heap after
{Heap after GC invocations=3 (full 1):
 garbage-first heap   total 14336K, used 2752K [0x00000000c0000000, 0x0000000100000000)
  region size 1024K, 1 young (1024K), 1 survivors (1024K)
 Metaspace       used 2046K, capacity 4817K, committed 5120K, reserved 1056768K
  class space    used 181K, capacity 450K, committed 512K, reserved 1048576K
}
Event: 0.700 GC heap before
{Heap before GC invocations=3 (full 1):
 garbage-first heap   total 14336K, used 5824K [0x00000000c0000000, 0x0000000100000000)
  region size 1024K, 4 young (4096K), 1 survivors (1024K)
 Metaspace       used 2048K, capacity 4817K, committed 5120K, reserved 1056768K
  class space    used 181K, capacity 450K, committed 512K, reserved 1048576K
}
Event: 0.701 GC heap after
{Heap after GC invocations=4 (full 1):
 garbage-first heap   total 14336K, used 2943K [0x00000000c0000000, 0x0000000100000000)
  region size 1024K, 1 young (1024K), 1 survivors (1024K)
 Metaspace       used 2048K, capacity 4817K, committed 5120K, reserved 1056768K
  class space    used 181K, capacity 450K, committed 512K, reserved 1048576K
}
Event: 0.717 GC heap before
{Heap before GC invocations=4 (full 1):
 garbage-first heap   total 14336K, used 6015K [0x00000000c0000000, 0x0000000100000000)
  region size 1024K, 4 young (4096K), 1 survivors (1024K)
 Metaspace       used 2054K, capacity 4817K, committed 5120K, reserved 1056768K
  class space    used 181K, capacity 450K, committed 512K, reserved 1048576K
}
Event: 0.719 GC heap after
{Heap after GC invocations=5 (full 1):
 garbage-first heap   total 14336K, used 3228K [0x00000000c0000000, 0x0000000100000000)
  region size 1024K, 1 young (1024K), 1 survivors (1024K)
 Metaspace       used 2054K, capacity 4817K, committed 5120K, reserved 1056768K
  class space    used 181K, capacity 450K, committed 512K, reserved 1048576K
}
Event: 0.725 GC heap before
{Heap before GC invocations=5 (full 1):
 garbage-first heap   total 14336K, used 6300K [0x00000000c0000000, 0x0000000100000000)
  region size 1024K, 4 young (4096K), 1 survivors (1024K)
 Metaspace       used 2057K, capacity 4817K, committed 5120K, reserved 1056768K
  class space    used 181K, capacity 450K, committed 512K, reserved 1048576K
}
Event: 0.728 GC heap after
{Heap after GC invocations=6 (full 1):
 garbage-first heap   total 136192K, used 3535K [0x00000000c0000000, 0x0000000100000000)
  region size 1024K, 1 young (1024K), 1 survivors (1024K)
 Metaspace       used 2057K, capacity 4817K, committed 5120K, reserved 1056768K
  class space    used 181K, capacity 450K, committed 512K, reserved 1048576K
}

